{"total": {"lines":{"total":37,"covered":32,"skipped":0,"pct":86.48},"statements":{"total":41,"covered":34,"skipped":0,"pct":82.92},"functions":{"total":15,"covered":9,"skipped":0,"pct":60},"branches":{"total":6,"covered":4,"skipped":0,"pct":66.66},"branchesTrue":{"total":0,"covered":0,"skipped":0,"pct":100}}
,"/home/ecio/Documentos/trybe/Projetos/Back-end/sd-014-a-project-car-shop/src/models/CarModel.ts": {"lines":{"total":6,"covered":6,"skipped":0,"pct":100},"functions":{"total":1,"covered":1,"skipped":0,"pct":100},"statements":{"total":6,"covered":6,"skipped":0,"pct":100},"branches":{"total":3,"covered":2,"skipped":0,"pct":66.66}}
,"/home/ecio/Documentos/trybe/Projetos/Back-end/sd-014-a-project-car-shop/src/models/MongoModel.ts": {"lines":{"total":10,"covered":7,"skipped":0,"pct":70},"functions":{"total":6,"covered":2,"skipped":0,"pct":33.33},"statements":{"total":12,"covered":8,"skipped":0,"pct":66.66},"branches":{"total":0,"covered":0,"skipped":0,"pct":100}}
,"/home/ecio/Documentos/trybe/Projetos/Back-end/sd-014-a-project-car-shop/src/services/CarService.ts": {"lines":{"total":10,"covered":10,"skipped":0,"pct":100},"functions":{"total":2,"covered":2,"skipped":0,"pct":100},"statements":{"total":11,"covered":10,"skipped":0,"pct":90.9},"branches":{"total":3,"covered":2,"skipped":0,"pct":66.66}}
,"/home/ecio/Documentos/trybe/Projetos/Back-end/sd-014-a-project-car-shop/src/services/index.ts": {"lines":{"total":11,"covered":9,"skipped":0,"pct":81.81},"functions":{"total":6,"covered":4,"skipped":0,"pct":66.66},"statements":{"total":12,"covered":10,"skipped":0,"pct":83.33},"branches":{"total":0,"covered":0,"skipped":0,"pct":100}}
}
