{"total": {"lines":{"total":37,"covered":36,"skipped":0,"pct":97.29},"statements":{"total":41,"covered":39,"skipped":0,"pct":95.12},"functions":{"total":15,"covered":14,"skipped":0,"pct":93.33},"branches":{"total":4,"covered":3,"skipped":0,"pct":75},"branchesTrue":{"total":0,"covered":0,"skipped":0,"pct":100}}
,"/home/ecio/Documentos/trybe/Projetos/Back-end/sd-014-a-project-car-shop/src/models/CarModel.ts": {"lines":{"total":6,"covered":6,"skipped":0,"pct":100},"functions":{"total":1,"covered":1,"skipped":0,"pct":100},"statements":{"total":6,"covered":6,"skipped":0,"pct":100},"branches":{"total":1,"covered":1,"skipped":0,"pct":100}}
,"/home/ecio/Documentos/trybe/Projetos/Back-end/sd-014-a-project-car-shop/src/models/MongoModel.ts": {"lines":{"total":10,"covered":10,"skipped":0,"pct":100},"functions":{"total":6,"covered":6,"skipped":0,"pct":100},"statements":{"total":12,"covered":12,"skipped":0,"pct":100},"branches":{"total":0,"covered":0,"skipped":0,"pct":100}}
,"/home/ecio/Documentos/trybe/Projetos/Back-end/sd-014-a-project-car-shop/src/services/CarService.ts": {"lines":{"total":10,"covered":10,"skipped":0,"pct":100},"functions":{"total":2,"covered":2,"skipped":0,"pct":100},"statements":{"total":11,"covered":10,"skipped":0,"pct":90.9},"branches":{"total":3,"covered":2,"skipped":0,"pct":66.66}}
,"/home/ecio/Documentos/trybe/Projetos/Back-end/sd-014-a-project-car-shop/src/services/index.ts": {"lines":{"total":11,"covered":10,"skipped":0,"pct":90.9},"functions":{"total":6,"covered":5,"skipped":0,"pct":83.33},"statements":{"total":12,"covered":11,"skipped":0,"pct":91.66},"branches":{"total":0,"covered":0,"skipped":0,"pct":100}}
}
