TN:
SF:src/models/CarModel.ts
FN:18,(anonymous_1)
FNF:1
FNH:1
FNDA:2,(anonymous_1)
DA:1,1
DA:3,1
DA:7,1
DA:17,1
DA:18,2
DA:19,2
LF:6
LH:6
BRDA:11,0,0,1
BRDA:11,0,1,0
BRDA:18,1,0,2
BRF:3
BRH:2
end_of_record
TN:
SF:src/models/MongoModel.ts
FN:5,(anonymous_0)
FN:7,(anonymous_1)
FN:9,(anonymous_2)
FN:11,(anonymous_3)
FN:14,(anonymous_4)
FN:17,(anonymous_5)
FNF:6
FNH:2
FNDA:2,(anonymous_0)
FNDA:1,(anonymous_1)
FNDA:0,(anonymous_2)
FNDA:0,(anonymous_3)
FNDA:0,(anonymous_4)
FNDA:0,(anonymous_5)
DA:4,1
DA:5,2
DA:7,2
DA:9,2
DA:11,2
DA:12,0
DA:14,2
DA:15,0
DA:17,2
DA:18,0
LF:10
LH:7
BRF:0
BRH:0
end_of_record
TN:
SF:src/services/CarService.ts
FN:6,(anonymous_1)
FN:10,(anonymous_2)
FNF:2
FNH:2
FNDA:1,(anonymous_1)
FNDA:1,(anonymous_2)
DA:1,1
DA:2,1
DA:3,1
DA:5,1
DA:6,1
DA:7,1
DA:10,1
DA:11,1
DA:13,1
DA:15,1
LF:10
LH:10
BRDA:6,0,0,1
BRDA:13,1,0,0
BRDA:13,1,1,1
BRF:3
BRH:2
end_of_record
TN:
SF:src/services/index.ts
FN:9,(anonymous_0)
FN:11,(anonymous_1)
FN:14,(anonymous_2)
FN:16,(anonymous_3)
FN:19,(anonymous_4)
FN:24,(anonymous_5)
FNF:6
FNH:4
FNDA:1,(anonymous_0)
FNDA:0,(anonymous_1)
FNDA:1,(anonymous_2)
FNDA:1,(anonymous_3)
FNDA:1,(anonymous_4)
FNDA:0,(anonymous_5)
DA:8,1
DA:9,1
DA:11,1
DA:12,0
DA:14,1
DA:16,1
DA:17,1
DA:19,1
DA:22,1
DA:24,1
DA:25,0
LF:11
LH:9
BRF:0
BRH:0
end_of_record
